<?xml version="1.0" encoding="UTF-8"?>
<!-- Generated by org.testng.reporters.JUnitReportReporter -->
<testsuite hostname="DESKTOP-3DLKC1S" failures="0" tests="172" name="com.jack.task3.Susmangodfrey" time="799.249" errors="3" timestamp="2023-03-18T00:07:02 BDT" skipped="0">
  <testcase classname="com.jack.task3.Susmangodfrey" name="run" time="4.309"/>
  <system-out/>
  <testcase classname="com.jack.task3.Susmangodfrey" name="run" time="2.785"/>
  <system-out/>
  <testcase classname="com.jack.task3.Susmangodfrey" name="run" time="2.585"/>
  <system-out/>
  <testcase classname="com.jack.task3.Susmangodfrey" name="run" time="3.088"/>
  <system-out/>
  <testcase classname="com.jack.task3.Susmangodfrey" name="run" time="2.191"/>
  <system-out/>
  <testcase classname="com.jack.task3.Susmangodfrey" name="run" time="2.923"/>
  <system-out/>
  <testcase classname="com.jack.task3.Susmangodfrey" name="run" time="2.410"/>
  <system-out/>
  <testcase classname="com.jack.task3.Susmangodfrey" name="run" time="1.343"/>
  <system-out/>
  <testcase classname="com.jack.task3.Susmangodfrey" name="run" time="2.214"/>
  <system-out/>
  <testcase classname="com.jack.task3.Susmangodfrey" name="run" time="9.304"/>
  <system-out/>
  <testcase classname="com.jack.task3.Susmangodfrey" name="run" time="1.513"/>
  <system-out/>
  <testcase classname="com.jack.task3.Susmangodfrey" name="run" time="2.900"/>
  <system-out/>
  <testcase classname="com.jack.task3.Susmangodfrey" name="run" time="1.449"/>
  <system-out/>
  <testcase classname="com.jack.task3.Susmangodfrey" name="run" time="3.140"/>
  <system-out/>
  <testcase classname="com.jack.task3.Susmangodfrey" name="run" time="1.368"/>
  <system-out/>
  <testcase classname="com.jack.task3.Susmangodfrey" name="run" time="2.425"/>
  <system-out/>
  <testcase classname="com.jack.task3.Susmangodfrey" name="run" time="1.623"/>
  <system-out/>
  <testcase classname="com.jack.task3.Susmangodfrey" name="run" time="2.630"/>
  <system-out/>
  <testcase classname="com.jack.task3.Susmangodfrey" name="run" time="3.007"/>
  <system-out/>
  <testcase classname="com.jack.task3.Susmangodfrey" name="run" time="2.126"/>
  <system-out/>
  <testcase classname="com.jack.task3.Susmangodfrey" name="run" time="2.090"/>
  <system-out/>
  <testcase classname="com.jack.task3.Susmangodfrey" name="run" time="1.386"/>
  <system-out/>
  <testcase classname="com.jack.task3.Susmangodfrey" name="run" time="1.376"/>
  <system-out/>
  <testcase classname="com.jack.task3.Susmangodfrey" name="run" time="3.278"/>
  <system-out/>
  <testcase classname="com.jack.task3.Susmangodfrey" name="run" time="1.770"/>
  <system-out/>
  <testcase classname="com.jack.task3.Susmangodfrey" name="run" time="61.663">
    <error message="Expected condition failed: waiting for visibility of element located by By.xpath: (//div[contains(@class,&#039;attorney-name&#039;)])[2] (tried for 60 second(s) with 500 milliseconds interval)
Build info: version: &#039;4.8.1&#039;, revision: &#039;8ebccac989&#039;
System info: os.name: &#039;Windows 10&#039;, os.arch: &#039;amd64&#039;, os.version: &#039;10.0&#039;, java.version: &#039;11.0.17&#039;
Driver info: org.openqa.selenium.edge.EdgeDriver
Capabilities {acceptInsecureCerts: false, browserName: msedge, browserVersion: 111.0.1661.41, ms:edgeOptions: {debuggerAddress: localhost:3921}, msedge: {msedgedriverVersion: 111.0.1661.44 (fc2a57ec5a41..., userDataDir: C:\Users\Asus\AppData\Local...}, networkConnectionEnabled: false, pageLoadStrategy: normal, platformName: WINDOWS, proxy: Proxy(), se:cdp: ws://localhost:3921/devtool..., se:cdpVersion: 111.0.1661.41, setWindowRect: true, strictFileInteractability: false, timeouts: {implicit: 0, pageLoad: 300000, script: 30000}, unhandledPromptBehavior: dismiss and notify, webauthn:extension:credBlob: true, webauthn:extension:largeBlob: true, webauthn:extension:minPinLength: true, webauthn:extension:prf: true, webauthn:virtualAuthenticators: true}
Session ID: 23dc6c2cc96a03e236b9f8549e5fabc0" type="org.openqa.selenium.TimeoutException">
      <![CDATA[org.openqa.selenium.TimeoutException: Expected condition failed: waiting for visibility of element located by By.xpath: (//div[contains(@class,'attorney-name')])[2] (tried for 60 second(s) with 500 milliseconds interval)
Build info: version: '4.8.1', revision: '8ebccac989'
System info: os.name: 'Windows 10', os.arch: 'amd64', os.version: '10.0', java.version: '11.0.17'
Driver info: org.openqa.selenium.edge.EdgeDriver
Capabilities {acceptInsecureCerts: false, browserName: msedge, browserVersion: 111.0.1661.41, ms:edgeOptions: {debuggerAddress: localhost:3921}, msedge: {msedgedriverVersion: 111.0.1661.44 (fc2a57ec5a41..., userDataDir: C:\Users\Asus\AppData\Local...}, networkConnectionEnabled: false, pageLoadStrategy: normal, platformName: WINDOWS, proxy: Proxy(), se:cdp: ws://localhost:3921/devtool..., se:cdpVersion: 111.0.1661.41, setWindowRect: true, strictFileInteractability: false, timeouts: {implicit: 0, pageLoad: 300000, script: 30000}, unhandledPromptBehavior: dismiss and notify, webauthn:extension:credBlob: true, webauthn:extension:largeBlob: true, webauthn:extension:minPinLength: true, webauthn:extension:prf: true, webauthn:virtualAuthenticators: true}
Session ID: 23dc6c2cc96a03e236b9f8549e5fabc0
at org.openqa.selenium.support.ui.WebDriverWait.timeoutException(WebDriverWait.java:87)
at org.openqa.selenium.support.ui.FluentWait.until(FluentWait.java:231)
at com.jack.task3.Susmangodfrey.run(Susmangodfrey.java:75)
at jdk.internal.reflect.GeneratedMethodAccessor1.invoke(Unknown Source)
at java.base/jdk.internal.reflect.DelegatingMethodAccessorImpl.invoke(DelegatingMethodAccessorImpl.java:43)
at java.base/java.lang.reflect.Method.invoke(Method.java:566)
at org.testng.internal.invokers.MethodInvocationHelper.invokeMethod(MethodInvocationHelper.java:139)
at org.testng.internal.invokers.TestInvoker.invokeMethod(TestInvoker.java:677)
at org.testng.internal.invokers.TestInvoker.invokeTestMethod(TestInvoker.java:221)
at org.testng.internal.invokers.MethodRunner.runInSequence(MethodRunner.java:50)
at org.testng.internal.invokers.TestInvoker$MethodInvocationAgent.invoke(TestInvoker.java:969)
at org.testng.internal.invokers.TestInvoker.invokeTestMethods(TestInvoker.java:194)
at org.testng.internal.invokers.TestMethodWorker.invokeTestMethods(TestMethodWorker.java:148)
at org.testng.internal.invokers.TestMethodWorker.run(TestMethodWorker.java:128)
at java.base/java.util.ArrayList.forEach(ArrayList.java:1541)
at org.testng.TestRunner.privateRun(TestRunner.java:829)
at org.testng.TestRunner.run(TestRunner.java:602)
at org.testng.SuiteRunner.runTest(SuiteRunner.java:437)
at org.testng.SuiteRunner.runSequentially(SuiteRunner.java:431)
at org.testng.SuiteRunner.privateRun(SuiteRunner.java:391)
at org.testng.SuiteRunner.run(SuiteRunner.java:330)
at org.testng.SuiteRunnerWorker.runSuite(SuiteRunnerWorker.java:52)
at org.testng.SuiteRunnerWorker.run(SuiteRunnerWorker.java:95)
at org.testng.TestNG.runSuitesSequentially(TestNG.java:1256)
at org.testng.TestNG.runSuitesLocally(TestNG.java:1176)
at org.testng.TestNG.runSuites(TestNG.java:1099)
at org.testng.TestNG.run(TestNG.java:1067)
at org.testng.remote.AbstractRemoteTestNG.run(AbstractRemoteTestNG.java:115)
at org.testng.remote.RemoteTestNG.initAndRun(RemoteTestNG.java:251)
at org.testng.remote.RemoteTestNG.main(RemoteTestNG.java:77)
]]>
    </error>
  </testcase> <!-- run -->
  <system-out/>
  <testcase classname="com.jack.task3.Susmangodfrey" name="run" time="2.143"/>
  <system-out/>
  <testcase classname="com.jack.task3.Susmangodfrey" name="run" time="10.301"/>
  <system-out/>
  <testcase classname="com.jack.task3.Susmangodfrey" name="run" time="1.697"/>
  <system-out/>
  <testcase classname="com.jack.task3.Susmangodfrey" name="run" time="2.026"/>
  <system-out/>
  <testcase classname="com.jack.task3.Susmangodfrey" name="run" time="13.484"/>
  <system-out/>
  <testcase classname="com.jack.task3.Susmangodfrey" name="run" time="1.915"/>
  <system-out/>
  <testcase classname="com.jack.task3.Susmangodfrey" name="run" time="22.019"/>
  <system-out/>
  <testcase classname="com.jack.task3.Susmangodfrey" name="run" time="2.394"/>
  <system-out/>
  <testcase classname="com.jack.task3.Susmangodfrey" name="run" time="2.488"/>
  <system-out/>
  <testcase classname="com.jack.task3.Susmangodfrey" name="run" time="3.277"/>
  <system-out/>
  <testcase classname="com.jack.task3.Susmangodfrey" name="run" time="4.459"/>
  <system-out/>
  <testcase classname="com.jack.task3.Susmangodfrey" name="run" time="3.439"/>
  <system-out/>
  <testcase classname="com.jack.task3.Susmangodfrey" name="run" time="4.594"/>
  <system-out/>
  <testcase classname="com.jack.task3.Susmangodfrey" name="run" time="2.531"/>
  <system-out/>
  <testcase classname="com.jack.task3.Susmangodfrey" name="run" time="10.711"/>
  <system-out/>
  <testcase classname="com.jack.task3.Susmangodfrey" name="run" time="8.405"/>
  <system-out/>
  <testcase classname="com.jack.task3.Susmangodfrey" name="run" time="2.188"/>
  <system-out/>
  <testcase classname="com.jack.task3.Susmangodfrey" name="run" time="1.655"/>
  <system-out/>
  <testcase classname="com.jack.task3.Susmangodfrey" name="run" time="2.645"/>
  <system-out/>
  <testcase classname="com.jack.task3.Susmangodfrey" name="run" time="3.913"/>
  <system-out/>
  <testcase classname="com.jack.task3.Susmangodfrey" name="run" time="1.837"/>
  <system-out/>
  <testcase classname="com.jack.task3.Susmangodfrey" name="run" time="1.883"/>
  <system-out/>
  <testcase classname="com.jack.task3.Susmangodfrey" name="run" time="1.303"/>
  <system-out/>
  <testcase classname="com.jack.task3.Susmangodfrey" name="run" time="2.383"/>
  <system-out/>
  <testcase classname="com.jack.task3.Susmangodfrey" name="run" time="10.731"/>
  <system-out/>
  <testcase classname="com.jack.task3.Susmangodfrey" name="run" time="2.041"/>
  <system-out/>
  <testcase classname="com.jack.task3.Susmangodfrey" name="run" time="1.993"/>
  <system-out/>
  <testcase classname="com.jack.task3.Susmangodfrey" name="run" time="1.500"/>
  <system-out/>
  <testcase classname="com.jack.task3.Susmangodfrey" name="run" time="2.822"/>
  <system-out/>
  <testcase classname="com.jack.task3.Susmangodfrey" name="run" time="1.433"/>
  <system-out/>
  <testcase classname="com.jack.task3.Susmangodfrey" name="run" time="11.303"/>
  <system-out/>
  <testcase classname="com.jack.task3.Susmangodfrey" name="run" time="7.378"/>
  <system-out/>
  <testcase classname="com.jack.task3.Susmangodfrey" name="run" time="11.761"/>
  <system-out/>
  <testcase classname="com.jack.task3.Susmangodfrey" name="run" time="1.483"/>
  <system-out/>
  <testcase classname="com.jack.task3.Susmangodfrey" name="run" time="2.138"/>
  <system-out/>
  <testcase classname="com.jack.task3.Susmangodfrey" name="run" time="1.811"/>
  <system-out/>
  <testcase classname="com.jack.task3.Susmangodfrey" name="run" time="9.186"/>
  <system-out/>
  <testcase classname="com.jack.task3.Susmangodfrey" name="saveList" time="0.116"/>
  <system-out/>
  <testcase classname="com.jack.task3.Susmangodfrey" name="run" time="2.097"/>
  <system-out/>
  <testcase classname="com.jack.task3.Susmangodfrey" name="run" time="2.537"/>
  <system-out/>
  <testcase classname="com.jack.task3.Susmangodfrey" name="run" time="2.351"/>
  <system-out/>
  <testcase classname="com.jack.task3.Susmangodfrey" name="run" time="5.121"/>
  <system-out/>
  <testcase classname="com.jack.task3.Susmangodfrey" name="run" time="2.660"/>
  <system-out/>
  <testcase classname="com.jack.task3.Susmangodfrey" name="run" time="8.568"/>
  <system-out/>
  <testcase classname="com.jack.task3.Susmangodfrey" name="run" time="2.294"/>
  <system-out/>
  <testcase classname="com.jack.task3.Susmangodfrey" name="run" time="6.961"/>
  <system-out/>
  <testcase classname="com.jack.task3.Susmangodfrey" name="run" time="1.594"/>
  <system-out/>
  <testcase classname="com.jack.task3.Susmangodfrey" name="run" time="2.714"/>
  <system-out/>
  <testcase classname="com.jack.task3.Susmangodfrey" name="run" time="1.677"/>
  <system-out/>
  <testcase classname="com.jack.task3.Susmangodfrey" name="run" time="2.259"/>
  <system-out/>
  <testcase classname="com.jack.task3.Susmangodfrey" name="run" time="10.095"/>
  <system-out/>
  <testcase classname="com.jack.task3.Susmangodfrey" name="run" time="1.778"/>
  <system-out/>
  <testcase classname="com.jack.task3.Susmangodfrey" name="run" time="4.586"/>
  <system-out/>
  <testcase classname="com.jack.task3.Susmangodfrey" name="run" time="1.475"/>
  <system-out/>
  <testcase classname="com.jack.task3.Susmangodfrey" name="run" time="2.536"/>
  <system-out/>
  <testcase classname="com.jack.task3.Susmangodfrey" name="run" time="2.651"/>
  <system-out/>
  <testcase classname="com.jack.task3.Susmangodfrey" name="run" time="2.758"/>
  <system-out/>
  <testcase classname="com.jack.task3.Susmangodfrey" name="run" time="1.416"/>
  <system-out/>
  <testcase classname="com.jack.task3.Susmangodfrey" name="run" time="3.660"/>
  <system-out/>
  <testcase classname="com.jack.task3.Susmangodfrey" name="run" time="2.341"/>
  <system-out/>
  <testcase classname="com.jack.task3.Susmangodfrey" name="run" time="1.814"/>
  <system-out/>
  <testcase classname="com.jack.task3.Susmangodfrey" name="run" time="1.611"/>
  <system-out/>
  <testcase classname="com.jack.task3.Susmangodfrey" name="run" time="1.437"/>
  <system-out/>
  <testcase classname="com.jack.task3.Susmangodfrey" name="run" time="2.843"/>
  <system-out/>
  <testcase classname="com.jack.task3.Susmangodfrey" name="run" time="2.626"/>
  <system-out/>
  <testcase classname="com.jack.task3.Susmangodfrey" name="run" time="1.229"/>
  <system-out/>
  <testcase classname="com.jack.task3.Susmangodfrey" name="run" time="14.166"/>
  <system-out/>
  <testcase classname="com.jack.task3.Susmangodfrey" name="run" time="2.564"/>
  <system-out/>
  <testcase classname="com.jack.task3.Susmangodfrey" name="run" time="2.654"/>
  <system-out/>
  <testcase classname="com.jack.task3.Susmangodfrey" name="run" time="22.672"/>
  <system-out/>
  <testcase classname="com.jack.task3.Susmangodfrey" name="run" time="1.480"/>
  <system-out/>
  <testcase classname="com.jack.task3.Susmangodfrey" name="run" time="2.705"/>
  <system-out/>
  <testcase classname="com.jack.task3.Susmangodfrey" name="run" time="1.755"/>
  <system-out/>
  <testcase classname="com.jack.task3.Susmangodfrey" name="run" time="2.435"/>
  <system-out/>
  <testcase classname="com.jack.task3.Susmangodfrey" name="run" time="3.366"/>
  <system-out/>
  <testcase classname="com.jack.task3.Susmangodfrey" name="run" time="3.699"/>
  <system-out/>
  <testcase classname="com.jack.task3.Susmangodfrey" name="run" time="4.906"/>
  <system-out/>
  <testcase classname="com.jack.task3.Susmangodfrey" name="run" time="3.020"/>
  <system-out/>
  <testcase classname="com.jack.task3.Susmangodfrey" name="run" time="2.486"/>
  <system-out/>
  <testcase classname="com.jack.task3.Susmangodfrey" name="run" time="1.424"/>
  <system-out/>
  <testcase classname="com.jack.task3.Susmangodfrey" name="testx" time="0.000"/>
  <system-out/>
  <testcase classname="com.jack.task3.Susmangodfrey" name="run" time="1.687"/>
  <system-out/>
  <testcase classname="com.jack.task3.Susmangodfrey" name="run" time="1.849"/>
  <system-out/>
  <testcase classname="com.jack.task3.Susmangodfrey" name="run" time="61.602">
    <error message="Expected condition failed: waiting for visibility of element located by By.xpath: (//div[contains(@class,&#039;attorney-name&#039;)])[2] (tried for 60 second(s) with 500 milliseconds interval)
Build info: version: &#039;4.8.1&#039;, revision: &#039;8ebccac989&#039;
System info: os.name: &#039;Windows 10&#039;, os.arch: &#039;amd64&#039;, os.version: &#039;10.0&#039;, java.version: &#039;11.0.17&#039;
Driver info: org.openqa.selenium.edge.EdgeDriver
Capabilities {acceptInsecureCerts: false, browserName: msedge, browserVersion: 111.0.1661.41, ms:edgeOptions: {debuggerAddress: localhost:3921}, msedge: {msedgedriverVersion: 111.0.1661.44 (fc2a57ec5a41..., userDataDir: C:\Users\Asus\AppData\Local...}, networkConnectionEnabled: false, pageLoadStrategy: normal, platformName: WINDOWS, proxy: Proxy(), se:cdp: ws://localhost:3921/devtool..., se:cdpVersion: 111.0.1661.41, setWindowRect: true, strictFileInteractability: false, timeouts: {implicit: 0, pageLoad: 300000, script: 30000}, unhandledPromptBehavior: dismiss and notify, webauthn:extension:credBlob: true, webauthn:extension:largeBlob: true, webauthn:extension:minPinLength: true, webauthn:extension:prf: true, webauthn:virtualAuthenticators: true}
Session ID: 23dc6c2cc96a03e236b9f8549e5fabc0" type="org.openqa.selenium.TimeoutException">
      <![CDATA[org.openqa.selenium.TimeoutException: Expected condition failed: waiting for visibility of element located by By.xpath: (//div[contains(@class,'attorney-name')])[2] (tried for 60 second(s) with 500 milliseconds interval)
Build info: version: '4.8.1', revision: '8ebccac989'
System info: os.name: 'Windows 10', os.arch: 'amd64', os.version: '10.0', java.version: '11.0.17'
Driver info: org.openqa.selenium.edge.EdgeDriver
Capabilities {acceptInsecureCerts: false, browserName: msedge, browserVersion: 111.0.1661.41, ms:edgeOptions: {debuggerAddress: localhost:3921}, msedge: {msedgedriverVersion: 111.0.1661.44 (fc2a57ec5a41..., userDataDir: C:\Users\Asus\AppData\Local...}, networkConnectionEnabled: false, pageLoadStrategy: normal, platformName: WINDOWS, proxy: Proxy(), se:cdp: ws://localhost:3921/devtool..., se:cdpVersion: 111.0.1661.41, setWindowRect: true, strictFileInteractability: false, timeouts: {implicit: 0, pageLoad: 300000, script: 30000}, unhandledPromptBehavior: dismiss and notify, webauthn:extension:credBlob: true, webauthn:extension:largeBlob: true, webauthn:extension:minPinLength: true, webauthn:extension:prf: true, webauthn:virtualAuthenticators: true}
Session ID: 23dc6c2cc96a03e236b9f8549e5fabc0
at org.openqa.selenium.support.ui.WebDriverWait.timeoutException(WebDriverWait.java:87)
at org.openqa.selenium.support.ui.FluentWait.until(FluentWait.java:231)
at com.jack.task3.Susmangodfrey.run(Susmangodfrey.java:75)
at jdk.internal.reflect.GeneratedMethodAccessor1.invoke(Unknown Source)
at java.base/jdk.internal.reflect.DelegatingMethodAccessorImpl.invoke(DelegatingMethodAccessorImpl.java:43)
at java.base/java.lang.reflect.Method.invoke(Method.java:566)
at org.testng.internal.invokers.MethodInvocationHelper.invokeMethod(MethodInvocationHelper.java:139)
at org.testng.internal.invokers.TestInvoker.invokeMethod(TestInvoker.java:677)
at org.testng.internal.invokers.TestInvoker.invokeTestMethod(TestInvoker.java:221)
at org.testng.internal.invokers.MethodRunner.runInSequence(MethodRunner.java:50)
at org.testng.internal.invokers.TestInvoker$MethodInvocationAgent.invoke(TestInvoker.java:969)
at org.testng.internal.invokers.TestInvoker.invokeTestMethods(TestInvoker.java:194)
at org.testng.internal.invokers.TestMethodWorker.invokeTestMethods(TestMethodWorker.java:148)
at org.testng.internal.invokers.TestMethodWorker.run(TestMethodWorker.java:128)
at java.base/java.util.ArrayList.forEach(ArrayList.java:1541)
at org.testng.TestRunner.privateRun(TestRunner.java:829)
at org.testng.TestRunner.run(TestRunner.java:602)
at org.testng.SuiteRunner.runTest(SuiteRunner.java:437)
at org.testng.SuiteRunner.runSequentially(SuiteRunner.java:431)
at org.testng.SuiteRunner.privateRun(SuiteRunner.java:391)
at org.testng.SuiteRunner.run(SuiteRunner.java:330)
at org.testng.SuiteRunnerWorker.runSuite(SuiteRunnerWorker.java:52)
at org.testng.SuiteRunnerWorker.run(SuiteRunnerWorker.java:95)
at org.testng.TestNG.runSuitesSequentially(TestNG.java:1256)
at org.testng.TestNG.runSuitesLocally(TestNG.java:1176)
at org.testng.TestNG.runSuites(TestNG.java:1099)
at org.testng.TestNG.run(TestNG.java:1067)
at org.testng.remote.AbstractRemoteTestNG.run(AbstractRemoteTestNG.java:115)
at org.testng.remote.RemoteTestNG.initAndRun(RemoteTestNG.java:251)
at org.testng.remote.RemoteTestNG.main(RemoteTestNG.java:77)
]]>
    </error>
  </testcase> <!-- run -->
  <system-out/>
  <testcase classname="com.jack.task3.Susmangodfrey" name="run" time="6.642"/>
  <system-out/>
  <testcase classname="com.jack.task3.Susmangodfrey" name="run" time="3.047"/>
  <system-out/>
  <testcase classname="com.jack.task3.Susmangodfrey" name="run" time="2.239"/>
  <system-out/>
  <testcase classname="com.jack.task3.Susmangodfrey" name="run" time="1.356"/>
  <system-out/>
  <testcase classname="com.jack.task3.Susmangodfrey" name="run" time="1.751"/>
  <system-out/>
  <testcase classname="com.jack.task3.Susmangodfrey" name="run" time="7.119"/>
  <system-out/>
  <testcase classname="com.jack.task3.Susmangodfrey" name="run" time="2.689"/>
  <system-out/>
  <testcase classname="com.jack.task3.Susmangodfrey" name="run" time="20.742"/>
  <system-out/>
  <testcase classname="com.jack.task3.Susmangodfrey" name="run" time="1.630"/>
  <system-out/>
  <testcase classname="com.jack.task3.Susmangodfrey" name="run" time="2.459"/>
  <system-out/>
  <testcase classname="com.jack.task3.Susmangodfrey" name="run" time="3.578"/>
  <system-out/>
  <testcase classname="com.jack.task3.Susmangodfrey" name="run" time="2.629"/>
  <system-out/>
  <testcase classname="com.jack.task3.Susmangodfrey" name="run" time="2.306"/>
  <system-out/>
  <testcase classname="com.jack.task3.Susmangodfrey" name="run" time="3.521"/>
  <system-out/>
  <testcase classname="com.jack.task3.Susmangodfrey" name="run" time="3.487"/>
  <system-out/>
  <testcase classname="com.jack.task3.Susmangodfrey" name="run" time="4.369"/>
  <system-out/>
  <testcase classname="com.jack.task3.Susmangodfrey" name="run" time="3.031"/>
  <system-out/>
  <testcase classname="com.jack.task3.Susmangodfrey" name="run" time="1.404"/>
  <system-out/>
  <testcase classname="com.jack.task3.Susmangodfrey" name="run" time="1.982"/>
  <system-out/>
  <testcase classname="com.jack.task3.Susmangodfrey" name="run" time="1.182"/>
  <system-out/>
  <testcase classname="com.jack.task3.Susmangodfrey" name="run" time="2.064"/>
  <system-out/>
  <testcase classname="com.jack.task3.Susmangodfrey" name="run" time="1.350"/>
  <system-out/>
  <testcase classname="com.jack.task3.Susmangodfrey" name="run" time="1.392"/>
  <system-out/>
  <testcase classname="com.jack.task3.Susmangodfrey" name="run" time="3.609"/>
  <system-out/>
  <testcase classname="com.jack.task3.Susmangodfrey" name="run" time="2.208"/>
  <system-out/>
  <testcase classname="com.jack.task3.Susmangodfrey" name="run" time="1.497"/>
  <system-out/>
  <testcase classname="com.jack.task3.Susmangodfrey" name="run" time="1.403"/>
  <system-out/>
  <testcase classname="com.jack.task3.Susmangodfrey" name="run" time="2.092"/>
  <system-out/>
  <testcase classname="com.jack.task3.Susmangodfrey" name="run" time="2.304"/>
  <system-out/>
  <testcase classname="com.jack.task3.Susmangodfrey" name="run" time="1.993"/>
  <system-out/>
  <testcase classname="com.jack.task3.Susmangodfrey" name="run" time="2.236"/>
  <system-out/>
  <testcase classname="com.jack.task3.Susmangodfrey" name="run" time="3.440"/>
  <system-out/>
  <testcase classname="com.jack.task3.Susmangodfrey" name="run" time="1.266"/>
  <system-out/>
  <testcase classname="com.jack.task3.Susmangodfrey" name="run" time="2.314"/>
  <system-out/>
  <testcase classname="com.jack.task3.Susmangodfrey" name="run" time="7.164"/>
  <system-out/>
  <testcase classname="com.jack.task3.Susmangodfrey" name="run" time="1.480"/>
  <system-out/>
  <testcase classname="com.jack.task3.Susmangodfrey" name="run" time="2.021"/>
  <system-out/>
  <testcase classname="com.jack.task3.Susmangodfrey" name="run" time="61.204">
    <error message="Expected condition failed: waiting for visibility of element located by By.xpath: (//div[contains(@class,&#039;attorney-name&#039;)])[2] (tried for 60 second(s) with 500 milliseconds interval)
Build info: version: &#039;4.8.1&#039;, revision: &#039;8ebccac989&#039;
System info: os.name: &#039;Windows 10&#039;, os.arch: &#039;amd64&#039;, os.version: &#039;10.0&#039;, java.version: &#039;11.0.17&#039;
Driver info: org.openqa.selenium.edge.EdgeDriver
Capabilities {acceptInsecureCerts: false, browserName: msedge, browserVersion: 111.0.1661.41, ms:edgeOptions: {debuggerAddress: localhost:3921}, msedge: {msedgedriverVersion: 111.0.1661.44 (fc2a57ec5a41..., userDataDir: C:\Users\Asus\AppData\Local...}, networkConnectionEnabled: false, pageLoadStrategy: normal, platformName: WINDOWS, proxy: Proxy(), se:cdp: ws://localhost:3921/devtool..., se:cdpVersion: 111.0.1661.41, setWindowRect: true, strictFileInteractability: false, timeouts: {implicit: 0, pageLoad: 300000, script: 30000}, unhandledPromptBehavior: dismiss and notify, webauthn:extension:credBlob: true, webauthn:extension:largeBlob: true, webauthn:extension:minPinLength: true, webauthn:extension:prf: true, webauthn:virtualAuthenticators: true}
Session ID: 23dc6c2cc96a03e236b9f8549e5fabc0" type="org.openqa.selenium.TimeoutException">
      <![CDATA[org.openqa.selenium.TimeoutException: Expected condition failed: waiting for visibility of element located by By.xpath: (//div[contains(@class,'attorney-name')])[2] (tried for 60 second(s) with 500 milliseconds interval)
Build info: version: '4.8.1', revision: '8ebccac989'
System info: os.name: 'Windows 10', os.arch: 'amd64', os.version: '10.0', java.version: '11.0.17'
Driver info: org.openqa.selenium.edge.EdgeDriver
Capabilities {acceptInsecureCerts: false, browserName: msedge, browserVersion: 111.0.1661.41, ms:edgeOptions: {debuggerAddress: localhost:3921}, msedge: {msedgedriverVersion: 111.0.1661.44 (fc2a57ec5a41..., userDataDir: C:\Users\Asus\AppData\Local...}, networkConnectionEnabled: false, pageLoadStrategy: normal, platformName: WINDOWS, proxy: Proxy(), se:cdp: ws://localhost:3921/devtool..., se:cdpVersion: 111.0.1661.41, setWindowRect: true, strictFileInteractability: false, timeouts: {implicit: 0, pageLoad: 300000, script: 30000}, unhandledPromptBehavior: dismiss and notify, webauthn:extension:credBlob: true, webauthn:extension:largeBlob: true, webauthn:extension:minPinLength: true, webauthn:extension:prf: true, webauthn:virtualAuthenticators: true}
Session ID: 23dc6c2cc96a03e236b9f8549e5fabc0
at org.openqa.selenium.support.ui.WebDriverWait.timeoutException(WebDriverWait.java:87)
at org.openqa.selenium.support.ui.FluentWait.until(FluentWait.java:231)
at com.jack.task3.Susmangodfrey.run(Susmangodfrey.java:75)
at jdk.internal.reflect.GeneratedMethodAccessor1.invoke(Unknown Source)
at java.base/jdk.internal.reflect.DelegatingMethodAccessorImpl.invoke(DelegatingMethodAccessorImpl.java:43)
at java.base/java.lang.reflect.Method.invoke(Method.java:566)
at org.testng.internal.invokers.MethodInvocationHelper.invokeMethod(MethodInvocationHelper.java:139)
at org.testng.internal.invokers.TestInvoker.invokeMethod(TestInvoker.java:677)
at org.testng.internal.invokers.TestInvoker.invokeTestMethod(TestInvoker.java:221)
at org.testng.internal.invokers.MethodRunner.runInSequence(MethodRunner.java:50)
at org.testng.internal.invokers.TestInvoker$MethodInvocationAgent.invoke(TestInvoker.java:969)
at org.testng.internal.invokers.TestInvoker.invokeTestMethods(TestInvoker.java:194)
at org.testng.internal.invokers.TestMethodWorker.invokeTestMethods(TestMethodWorker.java:148)
at org.testng.internal.invokers.TestMethodWorker.run(TestMethodWorker.java:128)
at java.base/java.util.ArrayList.forEach(ArrayList.java:1541)
at org.testng.TestRunner.privateRun(TestRunner.java:829)
at org.testng.TestRunner.run(TestRunner.java:602)
at org.testng.SuiteRunner.runTest(SuiteRunner.java:437)
at org.testng.SuiteRunner.runSequentially(SuiteRunner.java:431)
at org.testng.SuiteRunner.privateRun(SuiteRunner.java:391)
at org.testng.SuiteRunner.run(SuiteRunner.java:330)
at org.testng.SuiteRunnerWorker.runSuite(SuiteRunnerWorker.java:52)
at org.testng.SuiteRunnerWorker.run(SuiteRunnerWorker.java:95)
at org.testng.TestNG.runSuitesSequentially(TestNG.java:1256)
at org.testng.TestNG.runSuitesLocally(TestNG.java:1176)
at org.testng.TestNG.runSuites(TestNG.java:1099)
at org.testng.TestNG.run(TestNG.java:1067)
at org.testng.remote.AbstractRemoteTestNG.run(AbstractRemoteTestNG.java:115)
at org.testng.remote.RemoteTestNG.initAndRun(RemoteTestNG.java:251)
at org.testng.remote.RemoteTestNG.main(RemoteTestNG.java:77)
]]>
    </error>
  </testcase> <!-- run -->
  <system-out/>
  <testcase classname="com.jack.task3.Susmangodfrey" name="run" time="13.909"/>
  <system-out/>
  <testcase classname="com.jack.task3.Susmangodfrey" name="run" time="2.664"/>
  <system-out/>
  <testcase classname="com.jack.task3.Susmangodfrey" name="run" time="1.207"/>
  <system-out/>
  <testcase classname="com.jack.task3.Susmangodfrey" name="run" time="1.740"/>
  <system-out/>
  <testcase classname="com.jack.task3.Susmangodfrey" name="run" time="12.886"/>
  <system-out/>
  <testcase classname="com.jack.task3.Susmangodfrey" name="run" time="2.618"/>
  <system-out/>
  <testcase classname="com.jack.task3.Susmangodfrey" name="run" time="3.578"/>
  <system-out/>
  <testcase classname="com.jack.task3.Susmangodfrey" name="run" time="3.286"/>
  <system-out/>
  <testcase classname="com.jack.task3.Susmangodfrey" name="run" time="2.199"/>
  <system-out/>
  <testcase classname="com.jack.task3.Susmangodfrey" name="run" time="3.275"/>
  <system-out/>
  <testcase classname="com.jack.task3.Susmangodfrey" name="run" time="1.581"/>
  <system-out/>
  <testcase classname="com.jack.task3.Susmangodfrey" name="run" time="8.256"/>
  <system-out/>
  <testcase classname="com.jack.task3.Susmangodfrey" name="run" time="2.089"/>
  <system-out/>
  <testcase classname="com.jack.task3.Susmangodfrey" name="run" time="3.917"/>
  <system-out/>
  <testcase classname="com.jack.task3.Susmangodfrey" name="run" time="2.009"/>
  <system-out/>
  <testcase classname="com.jack.task3.Susmangodfrey" name="run" time="3.620"/>
  <system-out/>
  <testcase classname="com.jack.task3.Susmangodfrey" name="run" time="1.335"/>
  <system-out/>
  <testcase classname="com.jack.task3.Susmangodfrey" name="run" time="3.816"/>
  <system-out/>
  <testcase classname="com.jack.task3.Susmangodfrey" name="run" time="1.502"/>
  <system-out/>
  <testcase classname="com.jack.task3.Susmangodfrey" name="run" time="2.061"/>
  <system-out/>
  <testcase classname="com.jack.task3.Susmangodfrey" name="run" time="9.427"/>
  <system-out/>
  <testcase classname="com.jack.task3.Susmangodfrey" name="run" time="2.810"/>
  <system-out/>
  <testcase classname="com.jack.task3.Susmangodfrey" name="run" time="2.471"/>
  <system-out/>
  <testcase classname="com.jack.task3.Susmangodfrey" name="run" time="2.352"/>
  <system-out/>
</testsuite> <!-- com.jack.task3.Susmangodfrey -->
